2019-12-10 22:56:43.961 [main] INFO  com.bees.code.sata.SataApplication - Starting SataApplication on IT41-L-PF1NS1KR with PID 43224 (C:\sata\target\classes started by wb-lds551323 in C:\sata)
2019-12-10 22:56:43.975 [main] INFO  com.bees.code.sata.SataApplication - The following profiles are active: host
2019-12-10 22:56:44.059 [main] INFO  o.s.b.w.s.c.AnnotationConfigServletWebServerApplicationContext - Refreshing org.springframework.boot.web.servlet.context.AnnotationConfigServletWebServerApplicationContext@f5ac9e4: startup date [Tue Dec 10 22:56:44 CST 2019]; root of context hierarchy
2019-12-10 22:56:46.419 [main] INFO  o.s.boot.web.embedded.tomcat.TomcatWebServer - Tomcat initialized with port(s): 8080 (http)
2019-12-10 22:56:46.441 [main] INFO  org.apache.coyote.http11.Http11NioProtocol - Initializing ProtocolHandler ["http-nio-8080"]
2019-12-10 22:56:46.458 [main] INFO  org.apache.catalina.core.StandardService - Starting service [Tomcat]
2019-12-10 22:56:46.458 [main] INFO  org.apache.catalina.core.StandardEngine - Starting Servlet Engine: Apache Tomcat/8.5.31
2019-12-10 22:56:46.471 [localhost-startStop-1] INFO  org.apache.catalina.core.AprLifecycleListener - The APR based Apache Tomcat Native library which allows optimal performance in production environments was not found on the java.library.path: [C:\Program Files\Java\jdk1.8.0_181\bin;C:\windows\Sun\Java\bin;C:\windows\system32;C:\windows;C:/Program Files/Java/jre1.8.0_181/bin/server;C:/Program Files/Java/jre1.8.0_181/bin;C:/Program Files/Java/jre1.8.0_181/lib/amd64;C:\ProgramData\DockerDesktop\version-bin;C:\Program Files\Docker\Docker\Resources\bin;D:\Program Files (x86)\NetSarang\Xftp 6\;D:\Program Files (x86)\NetSarang\Xshell 6\;C:\Program Files (x86)\Common Files\Oracle\Java\javapath;C:\windows\system32;C:\windows;C:\windows\System32\Wbem;C:\windows\System32\WindowsPowerShell\v1.0\;C:\windows\System32\OpenSSH\;C:\Program Files\Intel\WiFi\bin\;C:\Program Files\Common Files\Intel\WirelessCommon\;C:\Program Files\Java\jdk1.8.0_181\bin;C:\Program Files\Java\jdk1.8.0_181\jre\bin;D:\Program Files\Git\cmd;D:\Program Files\apache-maven-3.5.4\bin;D:\Program Files\TortoiseGit\bin;D:\Program Files\nodejs\;C:\ProgramData\Anaconda3;C:\ProgramData\Anaconda3\Scripts;C:\ProgramData\Anaconda3\Library\bin;C:\ProgramData\Anaconda3\Library\mingw-w64\bin;C:\Users\wb-lds551323\AppData\Local\Microsoft\WindowsApps;C:\Users\wb-lds551323\AppData\Roaming\npm;D:\windows\System32\eclipse-java-oxygen-3a-win32-x86_64\eclipse;;.]
2019-12-10 22:56:46.747 [localhost-startStop-1] INFO  o.a.c.core.ContainerBase.[Tomcat].[localhost].[/] - Initializing Spring embedded WebApplicationContext
2019-12-10 22:56:46.749 [localhost-startStop-1] INFO  org.springframework.web.context.ContextLoader - Root WebApplicationContext: initialization completed in 2690 ms
2019-12-10 22:56:47.003 [localhost-startStop-1] INFO  o.s.boot.web.servlet.ServletRegistrationBean - Servlet dispatcherServlet mapped to [/]
2019-12-10 22:56:47.010 [localhost-startStop-1] INFO  o.s.boot.web.servlet.FilterRegistrationBean - Mapping filter: 'characterEncodingFilter' to: [/*]
2019-12-10 22:56:47.010 [localhost-startStop-1] INFO  o.s.boot.web.servlet.FilterRegistrationBean - Mapping filter: 'hiddenHttpMethodFilter' to: [/*]
2019-12-10 22:56:47.011 [localhost-startStop-1] INFO  o.s.boot.web.servlet.FilterRegistrationBean - Mapping filter: 'httpPutFormContentFilter' to: [/*]
2019-12-10 22:56:47.011 [localhost-startStop-1] INFO  o.s.boot.web.servlet.FilterRegistrationBean - Mapping filter: 'requestContextFilter' to: [/*]
2019-12-10 22:56:47.250 [main] INFO  o.s.web.servlet.handler.SimpleUrlHandlerMapping - Mapped URL path [/**/favicon.ico] onto handler of type [class org.springframework.web.servlet.resource.ResourceHttpRequestHandler]
2019-12-10 22:56:47.558 [main] INFO  o.s.w.s.m.m.a.RequestMappingHandlerAdapter - Looking for @ControllerAdvice: org.springframework.boot.web.servlet.context.AnnotationConfigServletWebServerApplicationContext@f5ac9e4: startup date [Tue Dec 10 22:56:44 CST 2019]; root of context hierarchy
2019-12-10 22:56:47.707 [main] INFO  o.s.w.s.m.m.a.RequestMappingHandlerMapping - Mapped "{[/postSerialData]}" onto public java.lang.String com.bees.code.sata.controller.QrCodeController.test(java.util.Map<java.lang.String, java.lang.String>)
2019-12-10 22:56:47.715 [main] INFO  o.s.w.s.m.m.a.RequestMappingHandlerMapping - Mapped "{[/error]}" onto public org.springframework.http.ResponseEntity<java.util.Map<java.lang.String, java.lang.Object>> org.springframework.boot.autoconfigure.web.servlet.error.BasicErrorController.error(javax.servlet.http.HttpServletRequest)
2019-12-10 22:56:47.716 [main] INFO  o.s.w.s.m.m.a.RequestMappingHandlerMapping - Mapped "{[/error],produces=[text/html]}" onto public org.springframework.web.servlet.ModelAndView org.springframework.boot.autoconfigure.web.servlet.error.BasicErrorController.errorHtml(javax.servlet.http.HttpServletRequest,javax.servlet.http.HttpServletResponse)
2019-12-10 22:56:47.763 [main] INFO  o.s.web.servlet.handler.SimpleUrlHandlerMapping - Mapped URL path [/webjars/**] onto handler of type [class org.springframework.web.servlet.resource.ResourceHttpRequestHandler]
2019-12-10 22:56:47.763 [main] INFO  o.s.web.servlet.handler.SimpleUrlHandlerMapping - Mapped URL path [/**] onto handler of type [class org.springframework.web.servlet.resource.ResourceHttpRequestHandler]
2019-12-10 22:56:48.015 [main] INFO  o.s.w.s.server.standard.ServerEndpointExporter - Registering @ServerEndpoint class: class com.bees.code.sata.websocket.WebSocketServer
2019-12-10 22:56:48.037 [main] INFO  o.s.jmx.export.annotation.AnnotationMBeanExporter - Registering beans for JMX exposure on startup
2019-12-10 22:56:48.054 [main] INFO  org.apache.coyote.http11.Http11NioProtocol - Starting ProtocolHandler ["http-nio-8080"]
2019-12-10 22:56:48.087 [main] INFO  org.apache.tomcat.util.net.NioSelectorPool - Using a shared selector for servlet write/read
2019-12-10 22:56:48.124 [main] INFO  o.s.boot.web.embedded.tomcat.TomcatWebServer - Tomcat started on port(s): 8080 (http) with context path ''
2019-12-10 22:56:48.131 [main] INFO  com.bees.code.sata.SataApplication - Started SataApplication in 5.02 seconds (JVM running for 5.835)
2019-12-10 22:56:48.135 [main] INFO  com.bees.code.sata.task.SerialPortTask - 开启串口任务。
2019-12-10 22:56:48.222 [main] INFO  com.bees.code.sata.core.SerialPortCore - 总共有2个可用串口：[COM1, COM2]
2019-12-10 22:56:48.241 [main] INFO  com.bees.code.sata.core.SerialPortCore - 连接串口： COM1 成功
2019-12-10 22:56:48.241 [main] INFO  com.bees.code.sata.task.SerialPortTask - 向串口发送数据：
2019-12-10 22:59:03.010 [http-nio-8080-exec-1] INFO  o.a.c.core.ContainerBase.[Tomcat].[localhost].[/] - Initializing Spring FrameworkServlet 'dispatcherServlet'
2019-12-10 22:59:03.011 [http-nio-8080-exec-1] INFO  org.springframework.web.servlet.DispatcherServlet - FrameworkServlet 'dispatcherServlet': initialization started
2019-12-10 22:59:03.063 [http-nio-8080-exec-1] INFO  org.springframework.web.servlet.DispatcherServlet - FrameworkServlet 'dispatcherServlet': initialization completed in 51 ms
2019-12-10 23:02:22.804 [http-nio-8080-exec-10] INFO  com.bees.code.sata.websocket.WebSocketServer - 有新窗口开始监听:1,当前在线人数为1
